# JRE version: Java(TM) SE Runtime Environment (21.0.1+12) (build 21.0.1+12-LTS-29)
# Java VM: Java HotSpot(TM) 64-Bit Server VM (21.0.1+12-LTS-29, mixed mode, sharing, tiered, compressed oops, compressed class ptrs, g1 gc, windows-amd64)
GC Precious Log:
 CardTable entry size: 512
 Card Set container configuration: InlinePtr #cards 5 size 8 Array Of Cards #cards 12 size 40 Howl #buckets 4 coarsen threshold 1843 Howl Bitmap #cards 512 size 80 coarsen threshold 460 Card regions per heap region 1 cards per card region 2048
 CPUs: 8 total, 8 available
 Memory: 7930M
 Large Page Support: Disabled
 NUMA Support: Disabled
 Compressed Oops: Enabled (32-bit)
 Heap Region Size: 1M
 Heap Min Capacity: 8M
 Heap Initial Capacity: 124M
 Heap Max Capacity: 1984M
 Pre-touch: Disabled
 Parallel Workers: 8
 Concurrent Workers: 2
 Concurrent Refinement Workers: 8
 Periodic GC: Disabled
Heap:
 garbage-first heap   total 126976K, used 60385K [0x0000000084000000, 0x0000000100000000)
  region size 1024K, 26 young (26624K), 3 survivors (3072K)
 Metaspace       used 13999K, committed 14208K, reserved 1114112K
  class space    used 1505K, committed 1600K, reserved 1048576K
GC Heap History (6 events):
Event: 4.016 GC heap before
{Heap before GC invocations=0 (full 0):
 garbage-first heap   total 126976K, used 37888K [0x0000000084000000, 0x0000000100000000)
  region size 1024K, 23 young (23552K), 0 survivors (0K)
 Metaspace       used 9865K, committed 10176K, reserved 1114112K
  class space    used 1064K, committed 1216K, reserved 1048576K
}
Event: 4.026 GC heap after
{Heap after GC invocations=1 (full 0):
 garbage-first heap   total 126976K, used 22800K [0x0000000084000000, 0x0000000100000000)
  region size 1024K, 3 young (3072K), 3 survivors (3072K)
 Metaspace       used 9865K, committed 10176K, reserved 1114112K
  class space    used 1064K, committed 1216K, reserved 1048576K
}
Event: 4.471 GC heap before
{Heap before GC invocations=1 (full 0):
 garbage-first heap   total 126976K, used 50448K [0x0000000084000000, 0x0000000100000000)
  region size 1024K, 27 young (27648K), 3 survivors (3072K)
 Metaspace       used 11134K, committed 11392K, reserved 1114112K
  class space    used 1205K, committed 1344K, reserved 1048576K
}
Event: 4.476 GC heap after
{Heap after GC invocations=2 (full 0):
 garbage-first heap   total 126976K, used 27174K [0x0000000084000000, 0x0000000100000000)
  region size 1024K, 1 young (1024K), 1 survivors (1024K)
 Metaspace       used 11134K, committed 11392K, reserved 1114112K
  class space    used 1205K, committed 1344K, reserved 1048576K
}
Event: 5.866 GC heap before
{Heap before GC invocations=2 (full 0):
 garbage-first heap   total 126976K, used 108070K [0x0000000084000000, 0x0000000100000000)
  region size 1024K, 74 young (75776K), 1 survivors (1024K)
 Metaspace       used 13959K, committed 14208K, reserved 1114112K
  class space    used 1501K, committed 1600K, reserved 1048576K
}
Event: 5.868 GC heap after
{Heap after GC invocations=3 (full 0):
 garbage-first heap   total 126976K, used 34785K [0x0000000084000000, 0x0000000100000000)
  region size 1024K, 3 young (3072K), 3 survivors (3072K)
 Metaspace       used 13959K, committed 14208K, reserved 1114112K
  class space    used 1501K, committed 1600K, reserved 1048576K
}

